<?xml version="1.0" encoding="UTF-8"?>
<testsuite xmlns:xsi="http://www.w3.org/2001/XMLSchema-instance" xsi:noNamespaceSchemaLocation="https://maven.apache.org/surefire/maven-surefire-plugin/xsd/surefire-test-report-3.0.xsd" version="3.0" name="CommonTest" time="0.402" tests="11" errors="0" skipped="0" failures="0">
  <properties>
[...]
</properties>
  <testcase name="teststringlist(TestInfo, RepetitionInfo)[1]" classname="CommonTest" time="0.18">
    <system-err><![CDATA[Testing string to list and reverse operation
Repeatation 1 of 1
]]></system-err>
  </testcase>
  <testcase name="teststringlist(TestInfo, RepetitionInfo)[2]" classname="CommonTest" time="0.004">
    <system-err><![CDATA[Repeatation 2 of 2
]]></system-err>
  </testcase>
  <testcase name="teststringlist(TestInfo, RepetitionInfo)[3]" classname="CommonTest" time="0.006">
    <system-err><![CDATA[Repeatation 3 of 3
]]></system-err>
  </testcase>
  <testcase name="teststringlist(TestInfo, RepetitionInfo)[4]" classname="CommonTest" time="0.003">
    <system-err><![CDATA[Repeatation 4 of 4
]]></system-err>
  </testcase>
  <testcase name="teststringlist(TestInfo, RepetitionInfo)[5]" classname="CommonTest" time="0.004">
    <system-err><![CDATA[Repeatation 5 of 5
]]></system-err>
  </testcase>
  <testcase name="teststringlist(TestInfo, RepetitionInfo)[6]" classname="CommonTest" time="0.004">
    <system-err><![CDATA[Repeatation 6 of 6
]]></system-err>
  </testcase>
  <testcase name="teststringlist(TestInfo, RepetitionInfo)[7]" classname="CommonTest" time="0.005">
    <system-err><![CDATA[Repeatation 7 of 7
]]></system-err>
  </testcase>
  <testcase name="teststringlist(TestInfo, RepetitionInfo)[8]" classname="CommonTest" time="0.003">
    <system-err><![CDATA[Repeatation 8 of 8
]]></system-err>
  </testcase>
  <testcase name="teststringlist(TestInfo, RepetitionInfo)[9]" classname="CommonTest" time="0.004">
    <system-err><![CDATA[Repeatation 9 of 9
]]></system-err>
  </testcase>
  <testcase name="teststringlist(TestInfo, RepetitionInfo)[10]" classname="CommonTest" time="0.003">
    <system-err><![CDATA[Repeatation 10 of 10
]]></system-err>
  </testcase>
  <testcase name="RISTest(int, String, int, int, int)[1]" classname="CommonTest" time="0.05">
    <system-err><![CDATA[---Test RIS Reader function.----
----------
Test Case=1
File Name=citations.ris
Number of Citation was correct
Number of authors was correct
End of RISTest for testcase 1
 -----------
]]></system-err>
  </testcase>
</testsuite>